12-03-2020 09:38:30.374 ERROR c.i.j.java350.service.EmployeService.embaucheEmploye - Coucou
12-03-2020 12:43:46.746 ERROR c.i.j.java350.service.EmployeService.embaucheEmploye - Coucou
12-03-2020 12:50:28.424 ERROR c.i.j.java350.service.EmployeService.embaucheEmploye - Coucou

                12-03-2020 12:50:28.424 ERROR c.i.j.java350.service.EmployeService.embaucheEmploye - Coucou
12-03-2020 14:39:46.634 ERROR c.i.j.java350.service.EmployeService.embaucheEmploye - Coucou

                12-03-2020 14:39:46.634 ERROR c.i.j.java350.service.EmployeService.embaucheEmploye - Coucou
12-03-2020 14:39:46.887 ERROR c.i.j.java350.service.EmployeService.embaucheEmploye - Coucou

                12-03-2020 14:39:46.887 ERROR c.i.j.java350.service.EmployeService.embaucheEmploye - Coucou
12-03-2020 14:39:46.888 ERROR c.i.j.java350.service.EmployeService.embaucheEmploye - Limite des 100000 matricules atteinte !

                12-03-2020 14:39:46.888 ERROR c.i.j.java350.service.EmployeService.embaucheEmploye - Limite des 100000 matricules atteinte !
12-03-2020 14:39:46.895 ERROR c.i.j.java350.service.EmployeService.embaucheEmploye - Coucou

                12-03-2020 14:39:46.895 ERROR c.i.j.java350.service.EmployeService.embaucheEmploye - Coucou
12-03-2020 14:39:46.901 ERROR c.i.j.java350.service.EmployeService.embaucheEmploye - Coucou

                12-03-2020 14:39:46.901 ERROR c.i.j.java350.service.EmployeService.embaucheEmploye - Coucou
12-03-2020 14:39:46.911 ERROR c.i.j.java350.service.EmployeService.embaucheEmploye - Coucou

                12-03-2020 14:39:46.911 ERROR c.i.j.java350.service.EmployeService.embaucheEmploye - Coucou
12-03-2020 14:39:46.913 ERROR c.i.j.java350.service.EmployeService.embaucheEmploye - L'employé de matricule M00001 existe déjà en BDD

                12-03-2020 14:39:46.913 ERROR c.i.j.java350.service.EmployeService.embaucheEmploye - L'employé de matricule M00001 existe déjà en BDD
12-03-2020 14:40:29.459 ERROR c.i.j.java350.service.EmployeService.embaucheEmploye - Coucou

                12-03-2020 14:40:29.459 ERROR c.i.j.java350.service.EmployeService.embaucheEmploye - Coucou
12-03-2020 14:40:29.663 ERROR c.i.j.java350.service.EmployeService.embaucheEmploye - Coucou

                12-03-2020 14:40:29.663 ERROR c.i.j.java350.service.EmployeService.embaucheEmploye - Coucou
12-03-2020 14:40:29.665 ERROR c.i.j.java350.service.EmployeService.embaucheEmploye - Limite des 100000 matricules atteinte !

                12-03-2020 14:40:29.665 ERROR c.i.j.java350.service.EmployeService.embaucheEmploye - Limite des 100000 matricules atteinte !
12-03-2020 14:40:29.670 ERROR c.i.j.java350.service.EmployeService.embaucheEmploye - Coucou

                12-03-2020 14:40:29.670 ERROR c.i.j.java350.service.EmployeService.embaucheEmploye - Coucou
12-03-2020 14:40:29.683 ERROR c.i.j.java350.service.EmployeService.embaucheEmploye - Coucou

                12-03-2020 14:40:29.683 ERROR c.i.j.java350.service.EmployeService.embaucheEmploye - Coucou
12-03-2020 14:40:29.695 ERROR c.i.j.java350.service.EmployeService.embaucheEmploye - Coucou

                12-03-2020 14:40:29.695 ERROR c.i.j.java350.service.EmployeService.embaucheEmploye - Coucou
12-03-2020 14:40:29.697 ERROR c.i.j.java350.service.EmployeService.embaucheEmploye - L'employé de matricule M00001 existe déjà en BDD

                12-03-2020 14:40:29.697 ERROR c.i.j.java350.service.EmployeService.embaucheEmploye - L'employé de matricule M00001 existe déjà en BDD
