2019-03-22 14:30:26 - INFO  - Embauche d'un employé Doe John TECHNICIEN BTS_IUT 1.0
2019-03-22 14:30:26 - INFO  - Sauvegarde de l'employé
2019-03-22 14:31:15 - INFO  - Starting EmployeServiceIntegrationTest on LAPTOP-CM4OJH6K with PID 19648 (started by lhyve in C:\Users\lhyve\Google Drive\IPI_cours\JAVA\ipi-java-350-ex)
2019-03-22 14:31:15 - INFO  - No active profile set, falling back to default profiles: default
2019-03-22 14:31:19 - INFO  - Starting EmployeServiceIntegrationTest on LAPTOP-CM4OJH6K with PID 19648 (started by lhyve in C:\Users\lhyve\Google Drive\IPI_cours\JAVA\ipi-java-350-ex)
2019-03-22 14:31:19 - INFO  - No active profile set, falling back to default profiles: default
2019-03-22 14:35:04 - INFO  - Starting EmployeServiceIntegrationTest on LAPTOP-CM4OJH6K with PID 2072 (started by lhyve in C:\Users\lhyve\Google Drive\IPI_cours\JAVA\ipi-java-350-ex)
2019-03-22 14:35:04 - INFO  - No active profile set, falling back to default profiles: default
2019-03-22 14:35:08 - INFO  - Starting EmployeServiceIntegrationTest on LAPTOP-CM4OJH6K with PID 2072 (started by lhyve in C:\Users\lhyve\Google Drive\IPI_cours\JAVA\ipi-java-350-ex)
2019-03-22 14:35:08 - INFO  - No active profile set, falling back to default profiles: default
2019-03-22 14:40:18 - INFO  - Starting EmployeServiceIntegrationTest on LAPTOP-CM4OJH6K with PID 22520 (started by lhyve in C:\Users\lhyve\Google Drive\IPI_cours\JAVA\ipi-java-350-ex)
2019-03-22 14:40:18 - INFO  - No active profile set, falling back to default profiles: default
2019-03-22 14:40:23 - INFO  - Starting EmployeServiceIntegrationTest on LAPTOP-CM4OJH6K with PID 22520 (started by lhyve in C:\Users\lhyve\Google Drive\IPI_cours\JAVA\ipi-java-350-ex)
2019-03-22 14:40:23 - INFO  - No active profile set, falling back to default profiles: default
2019-03-22 14:50:09 - INFO  - Starting EmployeServiceIntegrationTest on LAPTOP-CM4OJH6K with PID 276 (started by lhyve in C:\Users\lhyve\Google Drive\IPI_cours\JAVA\ipi-java-350-ex)
2019-03-22 14:50:09 - INFO  - No active profile set, falling back to default profiles: default
2019-03-22 14:50:14 - INFO  - Starting EmployeServiceIntegrationTest on LAPTOP-CM4OJH6K with PID 276 (started by lhyve in C:\Users\lhyve\Google Drive\IPI_cours\JAVA\ipi-java-350-ex)
2019-03-22 14:50:14 - INFO  - No active profile set, falling back to default profiles: default
2019-03-22 14:52:03 - INFO  - Starting EmployeServiceIntegrationTest on LAPTOP-CM4OJH6K with PID 19088 (started by lhyve in C:\Users\lhyve\Google Drive\IPI_cours\JAVA\ipi-java-350-ex)
2019-03-22 14:52:03 - INFO  - No active profile set, falling back to default profiles: default
2019-03-22 14:52:07 - INFO  - Starting EmployeServiceIntegrationTest on LAPTOP-CM4OJH6K with PID 19088 (started by lhyve in C:\Users\lhyve\Google Drive\IPI_cours\JAVA\ipi-java-350-ex)
2019-03-22 14:52:07 - INFO  - No active profile set, falling back to default profiles: default
2019-03-22 15:10:25 - INFO  - Starting EmployeServiceIntegrationTest on LAPTOP-CM4OJH6K with PID 20812 (started by lhyve in C:\Users\lhyve\Google Drive\IPI_cours\JAVA\ipi-java-350-ex)
2019-03-22 15:10:25 - INFO  - No active profile set, falling back to default profiles: default
2019-03-22 15:10:29 - INFO  - Starting EmployeServiceIntegrationTest on LAPTOP-CM4OJH6K with PID 20812 (started by lhyve in C:\Users\lhyve\Google Drive\IPI_cours\JAVA\ipi-java-350-ex)
2019-03-22 15:10:29 - INFO  - No active profile set, falling back to default profiles: default
2019-03-22 15:11:01 - INFO  - Starting EmployeServiceIntegrationTest on LAPTOP-CM4OJH6K with PID 12388 (started by lhyve in C:\Users\lhyve\Google Drive\IPI_cours\JAVA\ipi-java-350-ex)
2019-03-22 15:11:01 - INFO  - No active profile set, falling back to default profiles: default
2019-03-22 15:11:06 - INFO  - Starting EmployeServiceIntegrationTest on LAPTOP-CM4OJH6K with PID 12388 (started by lhyve in C:\Users\lhyve\Google Drive\IPI_cours\JAVA\ipi-java-350-ex)
2019-03-22 15:11:06 - INFO  - No active profile set, falling back to default profiles: default
2019-03-22 15:12:36 - INFO  - Starting EmployeRepositoryTest on LAPTOP-CM4OJH6K with PID 16616 (started by lhyve in C:\Users\lhyve\Google Drive\IPI_cours\JAVA\ipi-java-350-ex)
2019-03-22 15:12:36 - INFO  - No active profile set, falling back to default profiles: default
2019-03-22 15:12:40 - INFO  - Starting EmployeRepositoryTest on LAPTOP-CM4OJH6K with PID 16616 (started by lhyve in C:\Users\lhyve\Google Drive\IPI_cours\JAVA\ipi-java-350-ex)
2019-03-22 15:12:40 - INFO  - No active profile set, falling back to default profiles: default
2019-03-22 15:12:41 - INFO  - Starting EmployeRepositoryTest on LAPTOP-CM4OJH6K with PID 16616 (started by lhyve in C:\Users\lhyve\Google Drive\IPI_cours\JAVA\ipi-java-350-ex)
2019-03-22 15:12:41 - INFO  - No active profile set, falling back to default profiles: default
2019-03-22 15:12:41 - INFO  - Starting EmployeRepositoryTest on LAPTOP-CM4OJH6K with PID 16616 (started by lhyve in C:\Users\lhyve\Google Drive\IPI_cours\JAVA\ipi-java-350-ex)
2019-03-22 15:12:41 - INFO  - No active profile set, falling back to default profiles: default
2019-03-22 15:12:42 - INFO  - Starting EmployeRepositoryTest on LAPTOP-CM4OJH6K with PID 16616 (started by lhyve in C:\Users\lhyve\Google Drive\IPI_cours\JAVA\ipi-java-350-ex)
2019-03-22 15:12:42 - INFO  - No active profile set, falling back to default profiles: default
2019-03-22 15:12:42 - INFO  - Starting EmployeRepositoryTest on LAPTOP-CM4OJH6K with PID 16616 (started by lhyve in C:\Users\lhyve\Google Drive\IPI_cours\JAVA\ipi-java-350-ex)
2019-03-22 15:12:42 - INFO  - No active profile set, falling back to default profiles: default
2019-03-22 15:16:42 - INFO  - Starting EmployeRepositoryTest on LAPTOP-CM4OJH6K with PID 17312 (started by lhyve in C:\Users\lhyve\Google Drive\IPI_cours\JAVA\ipi-java-350-ex)
2019-03-22 15:16:42 - INFO  - No active profile set, falling back to default profiles: default
2019-03-22 15:16:46 - INFO  - Starting EmployeRepositoryTest on LAPTOP-CM4OJH6K with PID 17312 (started by lhyve in C:\Users\lhyve\Google Drive\IPI_cours\JAVA\ipi-java-350-ex)
2019-03-22 15:16:46 - INFO  - No active profile set, falling back to default profiles: default
2019-03-22 15:16:46 - INFO  - Starting EmployeRepositoryTest on LAPTOP-CM4OJH6K with PID 17312 (started by lhyve in C:\Users\lhyve\Google Drive\IPI_cours\JAVA\ipi-java-350-ex)
2019-03-22 15:16:46 - INFO  - No active profile set, falling back to default profiles: default
2019-03-22 15:16:47 - INFO  - Starting EmployeRepositoryTest on LAPTOP-CM4OJH6K with PID 17312 (started by lhyve in C:\Users\lhyve\Google Drive\IPI_cours\JAVA\ipi-java-350-ex)
2019-03-22 15:16:47 - INFO  - No active profile set, falling back to default profiles: default
2019-03-22 15:16:48 - INFO  - Starting EmployeRepositoryTest on LAPTOP-CM4OJH6K with PID 17312 (started by lhyve in C:\Users\lhyve\Google Drive\IPI_cours\JAVA\ipi-java-350-ex)
2019-03-22 15:16:48 - INFO  - No active profile set, falling back to default profiles: default
2019-03-22 15:16:49 - INFO  - Starting EmployeRepositoryTest on LAPTOP-CM4OJH6K with PID 17312 (started by lhyve in C:\Users\lhyve\Google Drive\IPI_cours\JAVA\ipi-java-350-ex)
2019-03-22 15:16:49 - INFO  - No active profile set, falling back to default profiles: default
2019-03-22 15:18:48 - INFO  - Starting EmployeRepositoryTest on LAPTOP-CM4OJH6K with PID 15092 (started by lhyve in C:\Users\lhyve\Google Drive\IPI_cours\JAVA\ipi-java-350-ex)
2019-03-22 15:18:48 - INFO  - No active profile set, falling back to default profiles: default
2019-03-22 15:18:53 - INFO  - Started EmployeRepositoryTest in 5.952 seconds (JVM running for 8.271)
